#
# There is insufficient memory for the Java Runtime Environment to continue.
# Native memory allocation (malloc) failed to allocate 584336 bytes for Chunk::new
# Possible reasons:
#   The system is out of physical RAM or swap space
#   The process is running with CompressedOops enabled, and the Java Heap may be blocking the growth of the native heap
# Possible solutions:
#   Reduce memory load on the system
#   Increase physical memory or swap space
#   Check if swap backing store is full
#   Decrease Java heap size (-Xmx/-Xms)
#   Decrease number of Java threads
#   Decrease Java thread stack sizes (-Xss)
#   Set larger code cache with -XX:ReservedCodeCacheSize=
#   JVM is running with Unscaled Compressed Oops mode in which the Java heap is
#     placed in the first 4GB address space. The Java Heap base address is the
#     maximum limit for the native heap growth. Please use -XX:HeapBaseMinAddress
#     to set the Java Heap base and to place the Java Heap above 4GB virtual address.
# This output file may be truncated or incomplete.
#
#  Out of Memory Error (allocation.cpp:389), pid=30144, tid=0x0000000000007ec0
#
# JRE version: Java(TM) SE Runtime Environment (8.0_241-b07) (build 1.8.0_241-b07)
# Java VM: Java HotSpot(TM) 64-Bit Server VM (25.241-b07 mixed mode windows-amd64 compressed oops)
# Failed to write core dump. Minidumps are not enabled by default on client versions of Windows
#

---------------  T H R E A D  ---------------

Current thread (0x0000000018402000):  JavaThread "C2 CompilerThread0" daemon [_thread_in_native, id=32448, stack(0x0000000019d40000,0x0000000019e40000)]

Stack: [0x0000000019d40000,0x0000000019e40000]
[error occurred during error reporting (printing stack bounds), id 0xc0000005]

Native frames: (J=compiled Java code, j=interpreted, Vv=VM code, C=native code)


Current CompileTask:
C2:  13849 4175   !   4       org.springframework.core.annotation.AnnotationUtils::getAnnotatedMethodsInBaseType (163 bytes)


---------------  P R O C E S S  ---------------

Java Threads: ( => current thread )
  0x000000001ba6f800 JavaThread "InterruptTimer" daemon [_thread_blocked, id=7712, stack(0x0000000021770000,0x0000000021870000)]
  0x000000001e222800 JavaThread "oracle.jdbc.driver.BlockSource.ThreadedCachingBlockSource.BlockReleaser" daemon [_thread_blocked, id=32048, stack(0x000000001f170000,0x000000001f270000)]
  0x000000001e8eb800 JavaThread "Timer-0" daemon [_thread_blocked, id=6380, stack(0x000000001edb0000,0x000000001eeb0000)]
  0x000000001b4f9800 JavaThread "Keep-Alive-Timer" daemon [_thread_blocked, id=13640, stack(0x000000001c310000,0x000000001c410000)]
  0x000000001a6c4000 JavaThread "ReaderThread" [_thread_in_native, id=9840, stack(0x000000001aa40000,0x000000001ab40000)]
  0x00000000197c7000 JavaThread "Service Thread" daemon [_thread_blocked, id=24644, stack(0x000000001a040000,0x000000001a140000)]
  0x000000001842f000 JavaThread "C1 CompilerThread2" daemon [_thread_blocked, id=21136, stack(0x0000000019f40000,0x000000001a040000)]
  0x0000000018407800 JavaThread "C2 CompilerThread1" daemon [_thread_blocked, id=19440, stack(0x0000000019e40000,0x0000000019f40000)]
=>0x0000000018402000 JavaThread "C2 CompilerThread0" daemon [_thread_in_native, id=32448, stack(0x0000000019d40000,0x0000000019e40000)]
  0x0000000018400800 JavaThread "Attach Listener" daemon [_thread_blocked, id=18604, stack(0x0000000019c40000,0x0000000019d40000)]
  0x00000000183ff800 JavaThread "Signal Dispatcher" daemon [_thread_blocked, id=208, stack(0x0000000019b40000,0x0000000019c40000)]
  0x00000000183d0000 JavaThread "Finalizer" daemon [_thread_blocked, id=23080, stack(0x0000000019640000,0x0000000019740000)]
  0x0000000003857000 JavaThread "Reference Handler" daemon [_thread_blocked, id=32652, stack(0x0000000019540000,0x0000000019640000)]
  0x0000000003768000 JavaThread "main" [_thread_in_vm, id=10100, stack(0x0000000003660000,0x0000000003760000)]

Other Threads:
  0x00000000183a7800 VMThread [stack: 0x0000000019440000,0x0000000019540000] [id=32692]
  0x000000001981b800 WatcherThread [stack: 0x000000001a140000,0x000000001a240000] [id=33788]

VM state:not at safepoint (normal execution)

VM Mutex/Monitor currently owned by a thread: None

heap address: 0x0000000081200000, size: 2030 MB, Compressed Oops mode: 32-bit
Narrow klass base: 0x0000000000000000, Narrow klass shift: 3
Compressed class space size: 1073741824 Address: 0x0000000100000000

Heap:
 PSYoungGen      total 148992K, used 27772K [0x00000000d5b80000, 0x00000000df680000, 0x0000000100000000)
  eden space 139264K, 19% used [0x00000000d5b80000,0x00000000d769f2e8,0x00000000de380000)
  from space 9728K, 0% used [0x00000000de380000,0x00000000de380000,0x00000000ded00000)
  to   space 7680K, 0% used [0x00000000def00000,0x00000000def00000,0x00000000df680000)
 ParOldGen       total 75776K, used 17019K [0x0000000081200000, 0x0000000085c00000, 0x00000000d5b80000)
  object space 75776K, 22% used [0x0000000081200000,0x000000008229ee80,0x0000000085c00000)
 Metaspace       used 38644K, capacity 39380K, committed 39512K, reserved 1083392K
  class space    used 4812K, capacity 4980K, committed 4992K, reserved 1048576K

Card table byte_map: [0x0000000012c20000,0x0000000013020000] byte_map_base: 0x0000000012817000

Marking Bits: (ParMarkBitMap*) 0x0000000058d5be30
 Begin Bits: [0x00000000136d0000, 0x0000000015688000)
 End Bits:   [0x0000000015688000, 0x0000000017640000)

Polling page: 0x0000000000ff0000

CodeCache: size=245760Kb used=15264Kb max_used=15273Kb free=230495Kb
 bounds [0x0000000003860000, 0x0000000004760000, 0x0000000012860000]
 total_blobs=4490 nmethods=3953 adapters=450
 compilation: enabled

Compilation events (10 events):
Event: 13.754 Thread 0x000000001842f000 4261       3       oracle.security.o5logon.O5Logon::nibbleToHex (28 bytes)
Event: 13.754 Thread 0x000000001842f000 nmethod 4261 0x000000000474e610 code [0x000000000474e760, 0x000000000474e8f0]
Event: 13.758 Thread 0x000000001842f000 4262       3       oracle.jdbc.driver.T4CMAREngineNIO::buffer2Value (348 bytes)
Event: 13.760 Thread 0x000000001842f000 nmethod 4262 0x00000000047500d0 code [0x0000000004750320, 0x00000000047510d8]
Event: 13.760 Thread 0x000000001842f000 4263       3       oracle.jdbc.driver.T4CMAREngineNIO::unmarshalUB1 (22 bytes)
Event: 13.760 Thread 0x0000000018407800 4265       4       java.nio.HeapByteBuffer::get (14 bytes)
Event: 13.760 Thread 0x000000001842f000 nmethod 4263 0x000000000474e110 code [0x000000000474e280, 0x000000000474e4f8]
Event: 13.760 Thread 0x000000001842f000 4264       3       oracle.jdbc.driver.T4CMAREngineNIO::unmarshalSB4 (49 bytes)
Event: 13.760 Thread 0x000000001842f000 nmethod 4264 0x000000000474d910 code [0x000000000474daa0, 0x000000000474df48]
Event: 13.761 Thread 0x0000000018407800 nmethod 4265 0x000000000474d610 code [0x000000000474d740, 0x000000000474d818]

GC Heap History (10 events):
Event: 10.454 GC heap before
{Heap before GC invocations=11 (full 1):
 PSYoungGen      total 72704K, used 70147K [0x00000000d5b80000, 0x00000000dcd00000, 0x0000000100000000)
  eden space 62464K, 100% used [0x00000000d5b80000,0x00000000d9880000,0x00000000d9880000)
  from space 10240K, 75% used [0x00000000d9880000,0x00000000da000ec0,0x00000000da280000)
  to   space 10752K, 0% used [0x00000000dc280000,0x00000000dc280000,0x00000000dcd00000)
 ParOldGen       total 47104K, used 6956K [0x0000000081200000, 0x0000000084000000, 0x00000000d5b80000)
  object space 47104K, 14% used [0x0000000081200000,0x00000000818cb2a0,0x0000000084000000)
 Metaspace       used 31383K, capacity 32036K, committed 32256K, reserved 1077248K
  class space    used 3929K, capacity 4046K, committed 4096K, reserved 1048576K
Event: 10.466 GC heap after
Heap after GC invocations=11 (full 1):
 PSYoungGen      total 103424K, used 5487K [0x00000000d5b80000, 0x00000000dcb80000, 0x0000000100000000)
  eden space 94208K, 0% used [0x00000000d5b80000,0x00000000d5b80000,0x00000000db780000)
  from space 9216K, 59% used [0x00000000dc280000,0x00000000dc7dbc48,0x00000000dcb80000)
  to   space 10240K, 0% used [0x00000000db780000,0x00000000db780000,0x00000000dc180000)
 ParOldGen       total 47104K, used 9236K [0x0000000081200000, 0x0000000084000000, 0x00000000d5b80000)
  object space 47104K, 19% used [0x0000000081200000,0x0000000081b052a0,0x0000000084000000)
 Metaspace       used 31383K, capacity 32036K, committed 32256K, reserved 1077248K
  class space    used 3929K, capacity 4046K, committed 4096K, reserved 1048576K
}
Event: 11.276 GC heap before
{Heap before GC invocations=12 (full 1):
 PSYoungGen      total 103424K, used 99695K [0x00000000d5b80000, 0x00000000dcb80000, 0x0000000100000000)
  eden space 94208K, 100% used [0x00000000d5b80000,0x00000000db780000,0x00000000db780000)
  from space 9216K, 59% used [0x00000000dc280000,0x00000000dc7dbc48,0x00000000dcb80000)
  to   space 10240K, 0% used [0x00000000db780000,0x00000000db780000,0x00000000dc180000)
 ParOldGen       total 47104K, used 9236K [0x0000000081200000, 0x0000000084000000, 0x00000000d5b80000)
  object space 47104K, 19% used [0x0000000081200000,0x0000000081b052a0,0x0000000084000000)
 Metaspace       used 32755K, capacity 33502K, committed 33792K, reserved 1079296K
  class space    used 4072K, capacity 4249K, committed 4352K, reserved 1048576K
Event: 11.290 GC heap after
Heap after GC invocations=12 (full 1):
 PSYoungGen      total 104448K, used 2241K [0x00000000d5b80000, 0x00000000df900000, 0x0000000100000000)
  eden space 94208K, 0% used [0x00000000d5b80000,0x00000000d5b80000,0x00000000db780000)
  from space 10240K, 21% used [0x00000000db780000,0x00000000db9b0538,0x00000000dc180000)
  to   space 10240K, 0% used [0x00000000def00000,0x00000000def00000,0x00000000df900000)
 ParOldGen       total 47104K, used 12988K [0x0000000081200000, 0x0000000084000000, 0x00000000d5b80000)
  object space 47104K, 27% used [0x0000000081200000,0x0000000081eaf270,0x0000000084000000)
 Metaspace       used 32755K, capacity 33502K, committed 33792K, reserved 1079296K
  class space    used 4072K, capacity 4249K, committed 4352K, reserved 1048576K
}
Event: 12.435 GC heap before
{Heap before GC invocations=13 (full 1):
 PSYoungGen      total 104448K, used 96449K [0x00000000d5b80000, 0x00000000df900000, 0x0000000100000000)
  eden space 94208K, 100% used [0x00000000d5b80000,0x00000000db780000,0x00000000db780000)
  from space 10240K, 21% used [0x00000000db780000,0x00000000db9b0538,0x00000000dc180000)
  to   space 10240K, 0% used [0x00000000def00000,0x00000000def00000,0x00000000df900000)
 ParOldGen       total 47104K, used 12988K [0x0000000081200000, 0x0000000084000000, 0x00000000d5b80000)
  object space 47104K, 27% used [0x0000000081200000,0x0000000081eaf270,0x0000000084000000)
 Metaspace       used 33815K, capacity 34456K, committed 34560K, reserved 1079296K
  class space    used 4200K, capacity 4348K, committed 4352K, reserved 1048576K
Event: 12.449 GC heap after
Heap after GC invocations=13 (full 1):
 PSYoungGen      total 146944K, used 4195K [0x00000000d5b80000, 0x00000000df680000, 0x0000000100000000)
  eden space 139264K, 0% used [0x00000000d5b80000,0x00000000d5b80000,0x00000000de380000)
  from space 7680K, 54% used [0x00000000def00000,0x00000000df318e30,0x00000000df680000)
  to   space 9728K, 0% used [0x00000000de380000,0x00000000de380000,0x00000000ded00000)
 ParOldGen       total 47104K, used 14308K [0x0000000081200000, 0x0000000084000000, 0x00000000d5b80000)
  object space 47104K, 30% used [0x0000000081200000,0x0000000081ff9270,0x0000000084000000)
 Metaspace       used 33815K, capacity 34456K, committed 34560K, reserved 1079296K
  class space    used 4200K, capacity 4348K, committed 4352K, reserved 1048576K
}
Event: 12.827 GC heap before
{Heap before GC invocations=14 (full 1):
 PSYoungGen      total 146944K, used 20877K [0x00000000d5b80000, 0x00000000df680000, 0x0000000100000000)
  eden space 139264K, 11% used [0x00000000d5b80000,0x00000000d6bca608,0x00000000de380000)
  from space 7680K, 54% used [0x00000000def00000,0x00000000df318e30,0x00000000df680000)
  to   space 9728K, 0% used [0x00000000de380000,0x00000000de380000,0x00000000ded00000)
 ParOldGen       total 47104K, used 14308K [0x0000000081200000, 0x0000000084000000, 0x00000000d5b80000)
  object space 47104K, 30% used [0x0000000081200000,0x0000000081ff9270,0x0000000084000000)
 Metaspace       used 34601K, capacity 35322K, committed 35416K, reserved 1081344K
  class space    used 4285K, capacity 4461K, committed 4480K, reserved 1048576K
Event: 12.849 GC heap after
Heap after GC invocations=14 (full 1):
 PSYoungGen      total 148992K, used 1094K [0x00000000d5b80000, 0x00000000df680000, 0x0000000100000000)
  eden space 139264K, 0% used [0x00000000d5b80000,0x00000000d5b80000,0x00000000de380000)
  from space 9728K, 11% used [0x00000000de380000,0x00000000de491b10,0x00000000ded00000)
  to   space 7680K, 0% used [0x00000000def00000,0x00000000def00000,0x00000000df680000)
 ParOldGen       total 47104K, used 17404K [0x0000000081200000, 0x0000000084000000, 0x00000000d5b80000)
  object space 47104K, 36% used [0x0000000081200000,0x00000000822ff2b0,0x0000000084000000)
 Metaspace       used 34601K, capacity 35322K, committed 35416K, reserved 1081344K
  class space    used 4285K, capacity 4461K, committed 4480K, reserved 1048576K
}
Event: 12.849 GC heap before
{Heap before GC invocations=15 (full 2):
 PSYoungGen      total 148992K, used 1094K [0x00000000d5b80000, 0x00000000df680000, 0x0000000100000000)
  eden space 139264K, 0% used [0x00000000d5b80000,0x00000000d5b80000,0x00000000de380000)
  from space 9728K, 11% used [0x00000000de380000,0x00000000de491b10,0x00000000ded00000)
  to   space 7680K, 0% used [0x00000000def00000,0x00000000def00000,0x00000000df680000)
 ParOldGen       total 47104K, used 17404K [0x0000000081200000, 0x0000000084000000, 0x00000000d5b80000)
  object space 47104K, 36% used [0x0000000081200000,0x00000000822ff2b0,0x0000000084000000)
 Metaspace       used 34601K, capacity 35322K, committed 35416K, reserved 1081344K
  class space    used 4285K, capacity 4461K, committed 4480K, reserved 1048576K
Event: 13.146 GC heap after
Heap after GC invocations=15 (full 2):
 PSYoungGen      total 148992K, used 0K [0x00000000d5b80000, 0x00000000df680000, 0x0000000100000000)
  eden space 139264K, 0% used [0x00000000d5b80000,0x00000000d5b80000,0x00000000de380000)
  from space 9728K, 0% used [0x00000000de380000,0x00000000de380000,0x00000000ded00000)
  to   space 7680K, 0% used [0x00000000def00000,0x00000000def00000,0x00000000df680000)
 ParOldGen       total 75776K, used 17019K [0x0000000081200000, 0x0000000085c00000, 0x00000000d5b80000)
  object space 75776K, 22% used [0x0000000081200000,0x000000008229ee80,0x0000000085c00000)
 Metaspace       used 34601K, capacity 35322K, committed 35416K, reserved 1081344K
  class space    used 4285K, capacity 4461K, committed 4480K, reserved 1048576K
}

Deoptimization events (10 events):
Event: 12.724 Thread 0x0000000003768000 Uncommon trap: reason=array_check action=maybe_recompile pc=0x00000000046eba2c method=java.util.AbstractCollection.toArray([Ljava/lang/Object;)[Ljava/lang/Object; @ 119
Event: 13.196 Thread 0x0000000003768000 Uncommon trap: reason=class_check action=maybe_recompile pc=0x0000000003bfbfe4 method=java.util.regex.Pattern$Curly.match(Ljava/util/regex/Matcher;ILjava/lang/CharSequence;)Z @ 19
Event: 13.197 Thread 0x0000000003768000 Uncommon trap: reason=class_check action=maybe_recompile pc=0x0000000003bfbfe4 method=java.util.regex.Pattern$Curly.match(Ljava/util/regex/Matcher;ILjava/lang/CharSequence;)Z @ 19
Event: 13.344 Thread 0x0000000003768000 Uncommon trap: reason=bimorphic action=maybe_recompile pc=0x0000000003f72a0c method=java.util.regex.Matcher.match(II)Z @ 86
Event: 13.351 Thread 0x0000000003768000 Uncommon trap: reason=bimorphic action=maybe_recompile pc=0x0000000003f72a0c method=java.util.regex.Matcher.match(II)Z @ 86
Event: 13.351 Thread 0x0000000003768000 Uncommon trap: reason=class_check action=maybe_recompile pc=0x0000000003bfbfe4 method=java.util.regex.Pattern$Curly.match(Ljava/util/regex/Matcher;ILjava/lang/CharSequence;)Z @ 19
Event: 13.351 Thread 0x0000000003768000 Uncommon trap: reason=class_check action=maybe_recompile pc=0x0000000003bfbfe4 method=java.util.regex.Pattern$Curly.match(Ljava/util/regex/Matcher;ILjava/lang/CharSequence;)Z @ 19
Event: 13.364 Thread 0x0000000003768000 Uncommon trap: reason=bimorphic action=maybe_recompile pc=0x0000000003f72a0c method=java.util.regex.Matcher.match(II)Z @ 86
Event: 13.405 Thread 0x0000000003768000 Uncommon trap: reason=bimorphic action=maybe_recompile pc=0x0000000003f72a0c method=java.util.regex.Matcher.match(II)Z @ 86
Event: 13.405 Thread 0x0000000003768000 Uncommon trap: reason=unstable_if action=reinterpret pc=0x000000000433b368 method=java.util.regex.Pattern$BmpCharProperty.match(Ljava/util/regex/Matcher;ILjava/lang/CharSequence;)Z @ 34

Classes redefined (0 events):
No events

Internal exceptions (10 events):
Event: 12.429 Thread 0x0000000003768000 Exception <a 'java/lang/ClassNotFoundException': org/springframework/security/web/FilterChainProxy$FilterChainValidatorBeanInfo> (0x00000000db71e7a8) thrown at [C:\ade\jenkins\workspace\8-2-build-windows-amd64-cygwin\jdk8u241\331\hotspot\src\share\vm\clas
Event: 12.431 Thread 0x0000000003768000 Exception <a 'java/lang/ClassNotFoundException': org/springframework/security/web/FilterChainProxy$FilterChainValidatorCustomizer> (0x00000000db74e950) thrown at [C:\ade\jenkins\workspace\8-2-build-windows-amd64-cygwin\jdk8u241\331\hotspot\src\share\vm\cl
Event: 12.462 Thread 0x0000000003768000 Exception <a 'java/lang/ClassNotFoundException': org/springframework/security/web/access/DefaultWebInvocationPrivilegeEvaluatorBeanInfo> (0x00000000d5c7fff0) thrown at [C:\ade\jenkins\workspace\8-2-build-windows-amd64-cygwin\jdk8u241\331\hotspot\src\share
Event: 12.464 Thread 0x0000000003768000 Exception <a 'java/lang/ClassNotFoundException': org/springframework/security/web/access/DefaultWebInvocationPrivilegeEvaluatorCustomizer> (0x00000000d5cb32c8) thrown at [C:\ade\jenkins\workspace\8-2-build-windows-amd64-cygwin\jdk8u241\331\hotspot\src\sha
Event: 12.466 Thread 0x0000000003768000 Exception <a 'java/lang/ClassNotFoundException': org/springframework/security/web/access/WebInvocationPrivilegeEvaluatorBeanInfo> (0x00000000d5ce5fe8) thrown at [C:\ade\jenkins\workspace\8-2-build-windows-amd64-cygwin\jdk8u241\331\hotspot\src\share\vm\cla
Event: 12.467 Thread 0x0000000003768000 Exception <a 'java/lang/ClassNotFoundException': org/springframework/security/web/access/WebInvocationPrivilegeEvaluatorCustomizer> (0x00000000d5d15ab0) thrown at [C:\ade\jenkins\workspace\8-2-build-windows-amd64-cygwin\jdk8u241\331\hotspot\src\share\vm\c
Event: 12.470 Thread 0x0000000003768000 Exception <a 'java/lang/ClassNotFoundException': org/springframework/security/config/http/UserDetailsServiceFactoryBeanBeanInfo> (0x00000000d5d4ffd0) thrown at [C:\ade\jenkins\workspace\8-2-build-windows-amd64-cygwin\jdk8u241\331\hotspot\src\share\vm\clas
Event: 12.471 Thread 0x0000000003768000 Exception <a 'java/lang/ClassNotFoundException': org/springframework/security/config/http/UserDetailsServiceFactoryBeanCustomizer> (0x00000000d5d7fa28) thrown at [C:\ade\jenkins\workspace\8-2-build-windows-amd64-cygwin\jdk8u241\331\hotspot\src\share\vm\cl
Event: 12.533 Thread 0x0000000003768000 Exception <a 'java/lang/ClassNotFoundException': com/icia/dal/dao/test/QnaBoardDaoTestBeanInfo> (0x00000000d63519b0) thrown at [C:\ade\jenkins\workspace\8-2-build-windows-amd64-cygwin\jdk8u241\331\hotspot\src\share\vm\classfile\systemDictionary.cpp, line 
Event: 12.534 Thread 0x0000000003768000 Exception <a 'java/lang/ClassNotFoundException': com/icia/dal/dao/test/QnaBoardDaoTestCustomizer> (0x00000000d6372a80) thrown at [C:\ade\jenkins\workspace\8-2-build-windows-amd64-cygwin\jdk8u241\331\hotspot\src\share\vm\classfile\systemDictionary.cpp, lin

Events (10 events):
Event: 13.844 loading class oracle/jdbc/driver/IntervalDSNullBinder
Event: 13.844 loading class oracle/jdbc/driver/IntervalDSNullBinder done
Event: 13.844 loading class oracle/jdbc/driver/IntervalDSBinder
Event: 13.844 loading class oracle/jdbc/driver/IntervalDSBinder done
Event: 13.845 loading class oracle/jdbc/driver/IntervalYMNullBinder
Event: 13.845 loading class oracle/jdbc/driver/IntervalYMNullBinder done
Event: 13.846 loading class oracle/jdbc/driver/IntervalYMBinder
Event: 13.846 loading class oracle/jdbc/driver/IntervalYMBinder done
Event: 13.846 loading class oracle/jdbc/driver/RawNullBinder
Event: 13.846 loading class oracle/jdbc/driver/RawNullBinder done


Dynamic libraries:
0x00007ff72fbb0000 - 0x00007ff72fbe7000 	C:\Java\jdk\bin\javaw.exe
0x00007ffbb6300000 - 0x00007ffbb64f0000 	C:\WINDOWS\SYSTEM32\ntdll.dll
0x00007ffbb4dd0000 - 0x00007ffbb4e82000 	C:\WINDOWS\System32\KERNEL32.DLL
0x00007ffbb3f30000 - 0x00007ffbb41d4000 	C:\WINDOWS\System32\KERNELBASE.dll
0x00007ffbb6170000 - 0x00007ffbb6213000 	C:\WINDOWS\System32\ADVAPI32.dll
0x00007ffbb5fd0000 - 0x00007ffbb606e000 	C:\WINDOWS\System32\msvcrt.dll
0x00007ffbb43f0000 - 0x00007ffbb4487000 	C:\WINDOWS\System32\sechost.dll
0x00007ffbb5ca0000 - 0x00007ffbb5dc0000 	C:\WINDOWS\System32\RPCRT4.dll
0x00007ffbb4c30000 - 0x00007ffbb4dc4000 	C:\WINDOWS\System32\USER32.dll
0x00007ffbb36d0000 - 0x00007ffbb36f1000 	C:\WINDOWS\System32\win32u.dll
0x00007ffbb43c0000 - 0x00007ffbb43e6000 	C:\WINDOWS\System32\GDI32.dll
0x00007ffbb3490000 - 0x00007ffbb3625000 	C:\WINDOWS\System32\gdi32full.dll
0x00007ffbb3630000 - 0x00007ffbb36ce000 	C:\WINDOWS\System32\msvcp_win.dll
0x00007ffbb42b0000 - 0x00007ffbb43aa000 	C:\WINDOWS\System32\ucrtbase.dll
0x00007ffba2170000 - 0x00007ffba23f4000 	C:\WINDOWS\WinSxS\amd64_microsoft.windows.common-controls_6595b64144ccf1df_6.0.18362.900_none_e6beb9d913147d17\COMCTL32.dll
0x00007ffbb4f00000 - 0x00007ffbb5235000 	C:\WINDOWS\System32\combase.dll
0x00007ffbb41e0000 - 0x00007ffbb4260000 	C:\WINDOWS\System32\bcryptPrimitives.dll
0x00007ffbb6220000 - 0x00007ffbb624e000 	C:\WINDOWS\System32\IMM32.DLL
0x0000000058450000 - 0x0000000058522000 	C:\Java\jdk\bin\msvcr100.dll
0x0000000058530000 - 0x0000000058ddc000 	C:\Java\jdk\bin\server\jvm.dll
0x00007ffbb57e0000 - 0x00007ffbb57e8000 	C:\WINDOWS\System32\PSAPI.DLL
0x00007ffba7100000 - 0x00007ffba7109000 	C:\WINDOWS\SYSTEM32\WSOCK32.dll
0x00007ffbb6250000 - 0x00007ffbb62bf000 	C:\WINDOWS\System32\WS2_32.dll
0x00007ffbaa430000 - 0x00007ffbaa454000 	C:\WINDOWS\SYSTEM32\WINMM.dll
0x00007ffbad570000 - 0x00007ffbad57a000 	C:\WINDOWS\SYSTEM32\VERSION.dll
0x00007ffbaa1e0000 - 0x00007ffbaa20d000 	C:\WINDOWS\SYSTEM32\winmmbase.dll
0x00007ffbb3440000 - 0x00007ffbb348a000 	C:\WINDOWS\System32\cfgmgr32.dll
0x00007ffbadaf0000 - 0x00007ffbadaff000 	C:\Java\jdk\bin\verify.dll
0x00007ffbaccb0000 - 0x00007ffbaccd9000 	C:\Java\jdk\bin\java.dll
0x00007ffba4e70000 - 0x00007ffba4e86000 	C:\Java\jdk\bin\zip.dll
0x00007ffbb4490000 - 0x00007ffbb4b76000 	C:\WINDOWS\System32\SHELL32.dll
0x00007ffbb57f0000 - 0x00007ffbb5899000 	C:\WINDOWS\System32\shcore.dll
0x00007ffbb37b0000 - 0x00007ffbb3f30000 	C:\WINDOWS\System32\windows.storage.dll
0x00007ffbb3260000 - 0x00007ffbb3283000 	C:\WINDOWS\System32\profapi.dll
0x00007ffbb31f0000 - 0x00007ffbb323a000 	C:\WINDOWS\System32\powrprof.dll
0x00007ffbb31c0000 - 0x00007ffbb31d0000 	C:\WINDOWS\System32\UMPDC.dll
0x00007ffbb5240000 - 0x00007ffbb5292000 	C:\WINDOWS\System32\shlwapi.dll
0x00007ffbb31d0000 - 0x00007ffbb31e1000 	C:\WINDOWS\System32\kernel.appcore.dll
0x00007ffbb4260000 - 0x00007ffbb4277000 	C:\WINDOWS\System32\cryptsp.dll
0x00007ffba4e50000 - 0x00007ffba4e6a000 	C:\Java\jdk\bin\net.dll
0x00007ffbb29d0000 - 0x00007ffbb2a37000 	C:\WINDOWS\system32\mswsock.dll
0x00007ffba1ca0000 - 0x00007ffba1cb2000 	C:\Java\jdk\bin\nio.dll
0x00007ffba14f0000 - 0x00007ffba1514000 	C:\Java\jdk\bin\sunec.dll
0x00007ffbb26e0000 - 0x00007ffbb271a000 	C:\WINDOWS\SYSTEM32\IPHLPAPI.DLL
0x00007ffbb58a0000 - 0x00007ffbb58a8000 	C:\WINDOWS\System32\NSI.dll
0x00007ffbaaf80000 - 0x00007ffbaaf96000 	C:\WINDOWS\SYSTEM32\dhcpcsvc6.DLL
0x00007ffbab050000 - 0x00007ffbab06c000 	C:\WINDOWS\SYSTEM32\dhcpcsvc.DLL
0x00007ffbb2720000 - 0x00007ffbb27eb000 	C:\WINDOWS\SYSTEM32\DNSAPI.dll
0x00007ffbb2540000 - 0x00007ffbb2573000 	C:\WINDOWS\system32\rsaenh.dll
0x00007ffbb4280000 - 0x00007ffbb42a6000 	C:\WINDOWS\System32\bcrypt.dll
0x00007ffbb30b0000 - 0x00007ffbb30d5000 	C:\WINDOWS\SYSTEM32\USERENV.dll
0x00007ffbb2ba0000 - 0x00007ffbb2bac000 	C:\WINDOWS\SYSTEM32\CRYPTBASE.dll
0x00007ffbad6d0000 - 0x00007ffbad6db000 	C:\Java\jdk\bin\sunmscapi.dll
0x00007ffbb32f0000 - 0x00007ffbb3439000 	C:\WINDOWS\System32\CRYPT32.dll
0x00007ffbb3240000 - 0x00007ffbb3252000 	C:\WINDOWS\System32\MSASN1.dll
0x00007ffbaa1d0000 - 0x00007ffbaa1da000 	C:\Windows\System32\rasadhlp.dll
0x00007ffbaabb0000 - 0x00007ffbaac27000 	C:\WINDOWS\System32\fwpuclnt.dll
0x00007ffbadac0000 - 0x00007ffbadacd000 	C:\Java\jdk\bin\management.dll
0x00007ffba51d0000 - 0x00007ffba51e6000 	C:\WINDOWS\system32\napinsp.dll
0x00007ffba4de0000 - 0x00007ffba4dfa000 	C:\WINDOWS\system32\pnrpnsp.dll
0x00007ffba4dd0000 - 0x00007ffba4dde000 	C:\WINDOWS\System32\winrnr.dll
0x00007ffbacc10000 - 0x00007ffbacc2c000 	C:\WINDOWS\system32\NLAapi.dll
0x00007ffbaf290000 - 0x00007ffbaf2a5000 	C:\WINDOWS\system32\wshbth.dll

VM Arguments:
jvm_args: -ea -Dfile.encoding=UTF-8 
java_command: org.eclipse.jdt.internal.junit.runner.RemoteTestRunner -version 3 -port 57001 -testLoaderClass org.eclipse.jdt.internal.junit4.runner.JUnit4TestLoader -loaderpluginname org.eclipse.jdt.junit4.runtime -classNames com.icia.dal.dao.test.QnaBoardDaoTest
java_class_path (initial): C:\Users\이은지\git\SoomDalProject\SoomDal\target\test-classes;C:\Users\이은지\git\SoomDalProject\SoomDal\target\classes;C:\Users\이은지\.m2\repository\net\nurigo\javaSDK\2.2\javaSDK-2.2.jar;C:\Users\이은지\.m2\repository\org\apache\maven\plugins\maven-source-plugin\3.0.0\maven-source-plugin-3.0.0.jar;C:\Users\이은지\.m2\repository\org\apache\maven\maven-model\3.0\maven-model-3.0.jar;C:\Users\이은지\.m2\repository\org\apache\maven\maven-artifact\3.0\maven-artifact-3.0.jar;C:\Users\이은지\.m2\repository\org\apache\maven\maven-plugin-api\3.0\maven-plugin-api-3.0.jar;C:\Users\이은지\.m2\repository\org\sonatype\sisu\sisu-inject-plexus\1.4.2\sisu-inject-plexus-1.4.2.jar;C:\Users\이은지\.m2\repository\org\sonatype\sisu\sisu-inject-bean\1.4.2\sisu-inject-bean-1.4.2.jar;C:\Users\이은지\.m2\repository\org\sonatype\sisu\sisu-guice\2.1.7\sisu-guice-2.1.7-noaop.jar;C:\Users\이은지\.m2\repository\org\apache\maven\maven-core\3.0\maven-core-3.0.jar;C:\Users\이은지\.m2\repository\org\apache\maven\maven-settings-builder\3.0\maven-settings-builder-3.0.jar;C:\Users\이은지\.m2\repository\org\apache\maven\maven-model-builder\3.0\maven-model-builder-3.0.jar;C:\Users\이은지\.m2\repository\org\apache\maven\maven-aether-provider\3.0\maven-aether-provider-3.0.jar;C:\Users\이은지\.m2\repository\org\sonatype\aether\aether-impl\1.7\aether-impl-1.7.jar;C:\Users\이은지\.m2\repository\org\sonatype\aether\aether-spi\1.7\aether-spi-1.7.jar;C:\Users\이은지\.m2\repository\org\sonatype\aether\aether-api\1.7\aether-api-1.7.jar;C:\Users\이은지\.m2\repository\org\sonatype\aether\aether-util\1.7\aether-util-1.7.jar;C:\Users\이은지\.m2\repository\org\codehaus\plexus\plexus-interpolation\1.14\plexus-interpolation-1.14.jar;C:\Users\이은지\.m2\repository\org\codehaus\plexus\plexus-classworlds\2.2.3\plexus-classworlds-2.2.3.jar;C:\Users\이은지\.m2\repository\org\codehaus\plexus\plexus-component-annotations\1.5.5\plexus-component-annotations-1.5.5.jar;C:\Users\이은지\.m2\repository\o
Launcher Type: SUN_STANDARD

Environment Variables:
PATH=C:/Java/jdk/bin/server;C:/Java/jdk/bin;C:/Java/jdk/lib/amd64;C:\oraclexe\app\oracle\product\11.2.0\server\bin;;C:\Program Files (x86)\Common Files\Oracle\Java\javapath;C:\Program Files (x86)\Intel\Intel(R) Management Engine Components\iCLS\;C:\Program Files\Intel\Intel(R) Management Engine Components\iCLS\;C:\WINDOWS\system32;C:\WINDOWS;C:\WINDOWS\System32\Wbem;C:\WINDOWS\System32\WindowsPowerShell\v1.0\;C:\Program Files (x86)\Intel\Intel(R) Management Engine Components\DAL;C:\Program Files\Intel\Intel(R) Management Engine Components\DAL;C:\Program Files (x86)\Intel\Intel(R) Management Engine Components\IPT;C:\Program Files\Intel\Intel(R) Management Engine Components\IPT;C:\Program Files\Intel\WiFi\bin\;C:\Program Files\Common Files\Intel\WirelessCommon\;C:\WINDOWS\System32\OpenSSH\;C:\Program Files (x86)\Common Files\Adobe\AGL;C:\Users\이은지\AppData\Local\Microsoft\WindowsApps;C:\Program Files\Intel\WiFi\bin\;C:\Program Files\Common Files\Intel\WirelessCommon\;C:\Program Files\Bandizip\;C:\Java\sts-4.6.0.RELEASE;
USERNAME=이은지
OS=Windows_NT
PROCESSOR_IDENTIFIER=Intel64 Family 6 Model 158 Stepping 9, GenuineIntel



---------------  S Y S T E M  ---------------

OS: Windows 10.0 , 64 bit Build 18362 (10.0.18362.900)

CPU:total 4 (initial active 4) (2 cores per cpu, 2 threads per core) family 6 model 158 stepping 9, cmov, cx8, fxsr, mmx, sse, sse2, sse3, ssse3, sse4.1, sse4.2, popcnt, aes, clmul, erms, 3dnowpref, lzcnt, ht, tsc, tscinvbit

Memory: 4k page, physical 8308500k(1855064k free), swap 33474324k(5668k free)

vm_info: Java HotSpot(TM) 64-Bit Server VM (25.241-b07) for windows-amd64 JRE (1.8.0_241-b07), built on Dec 11 2019 10:21:40 by "rejava" with MS VC++ 10.0 (VS2010)

time: Mon Jun 29 10:25:36 2020
timezone: 대한민국 표준시
elapsed time: 13 seconds (0d 0h 0m 13s)

